<?xml version="1.0" encoding="UTF-8"?>
<testsuite name="com.example.todo.GradledemoApplicationTests" tests="1" skipped="0" failures="0" errors="0" timestamp="2021-12-30T08:49:30" hostname="MSI" time="0.065">
  <properties/>
  <testcase name="testAddTodo()" classname="com.example.todo.GradledemoApplicationTests" time="0.065"/>
  <system-out><![CDATA[14:19:26.825 [Test worker] DEBUG org.springframework.test.context.BootstrapUtils - Instantiating CacheAwareContextLoaderDelegate from class [org.springframework.test.context.cache.DefaultCacheAwareContextLoaderDelegate]
14:19:26.836 [Test worker] DEBUG org.springframework.test.context.BootstrapUtils - Instantiating BootstrapContext using constructor [public org.springframework.test.context.support.DefaultBootstrapContext(java.lang.Class,org.springframework.test.context.CacheAwareContextLoaderDelegate)]
14:19:26.868 [Test worker] DEBUG org.springframework.test.context.BootstrapUtils - Instantiating TestContextBootstrapper for test class [com.example.todo.GradledemoApplicationTests] from class [org.springframework.boot.test.context.SpringBootTestContextBootstrapper]
14:19:26.877 [Test worker] INFO org.springframework.boot.test.context.SpringBootTestContextBootstrapper - Neither @ContextConfiguration nor @ContextHierarchy found for test class [com.example.todo.GradledemoApplicationTests], using SpringBootContextLoader
14:19:26.882 [Test worker] DEBUG org.springframework.test.context.support.AbstractContextLoader - Did not detect default resource location for test class [com.example.todo.GradledemoApplicationTests]: class path resource [com/example/todo/GradledemoApplicationTests-context.xml] does not exist
14:19:26.883 [Test worker] DEBUG org.springframework.test.context.support.AbstractContextLoader - Did not detect default resource location for test class [com.example.todo.GradledemoApplicationTests]: class path resource [com/example/todo/GradledemoApplicationTestsContext.groovy] does not exist
14:19:26.883 [Test worker] INFO org.springframework.test.context.support.AbstractContextLoader - Could not detect default resource locations for test class [com.example.todo.GradledemoApplicationTests]: no resource found for suffixes {-context.xml, Context.groovy}.
14:19:26.883 [Test worker] INFO org.springframework.test.context.support.AnnotationConfigContextLoaderUtils - Could not detect default configuration classes for test class [com.example.todo.GradledemoApplicationTests]: GradledemoApplicationTests does not declare any static, non-private, non-final, nested classes annotated with @Configuration.
14:19:26.921 [Test worker] DEBUG org.springframework.test.context.support.ActiveProfilesUtils - Could not find an 'annotation declaring class' for annotation type [org.springframework.test.context.ActiveProfiles] and class [com.example.todo.GradledemoApplicationTests]
14:19:26.965 [Test worker] DEBUG org.springframework.context.annotation.ClassPathScanningCandidateComponentProvider - Identified candidate component class: file [D:\Documents\Spring\Spring-boot-todo-api\TodoApplication\build\classes\java\main\com\example\todo\TodoApplication.class]
14:19:26.966 [Test worker] INFO org.springframework.boot.test.context.SpringBootTestContextBootstrapper - Found @SpringBootConfiguration com.example.todo.TodoApplication for test class com.example.todo.GradledemoApplicationTests
14:19:27.042 [Test worker] DEBUG org.springframework.boot.test.context.SpringBootTestContextBootstrapper - @TestExecutionListeners is not present for class [com.example.todo.GradledemoApplicationTests]: using defaults.
14:19:27.043 [Test worker] INFO org.springframework.boot.test.context.SpringBootTestContextBootstrapper - Loaded default TestExecutionListener class names from location [META-INF/spring.factories]: [org.springframework.boot.test.autoconfigure.restdocs.RestDocsTestExecutionListener, org.springframework.boot.test.autoconfigure.web.client.MockRestServiceServerResetTestExecutionListener, org.springframework.boot.test.autoconfigure.web.servlet.MockMvcPrintOnlyOnFailureTestExecutionListener, org.springframework.boot.test.autoconfigure.web.servlet.WebDriverTestExecutionListener, org.springframework.boot.test.autoconfigure.webservices.client.MockWebServiceServerTestExecutionListener, org.springframework.boot.test.mock.mockito.MockitoTestExecutionListener, org.springframework.boot.test.mock.mockito.ResetMocksTestExecutionListener, org.springframework.test.context.web.ServletTestExecutionListener, org.springframework.test.context.support.DirtiesContextBeforeModesTestExecutionListener, org.springframework.test.context.event.ApplicationEventsTestExecutionListener, org.springframework.test.context.support.DependencyInjectionTestExecutionListener, org.springframework.test.context.support.DirtiesContextTestExecutionListener, org.springframework.test.context.transaction.TransactionalTestExecutionListener, org.springframework.test.context.jdbc.SqlScriptsTestExecutionListener, org.springframework.test.context.event.EventPublishingTestExecutionListener]
14:19:27.057 [Test worker] INFO org.springframework.boot.test.context.SpringBootTestContextBootstrapper - Using TestExecutionListeners: [org.springframework.test.context.web.ServletTestExecutionListener@10fde30a, org.springframework.test.context.support.DirtiesContextBeforeModesTestExecutionListener@f27ea3, org.springframework.test.context.event.ApplicationEventsTestExecutionListener@1ce61929, org.springframework.boot.test.mock.mockito.MockitoTestExecutionListener@346939bf, org.springframework.boot.test.autoconfigure.SpringBootDependencyInjectionTestExecutionListener@4bf3798b, org.springframework.test.context.support.DirtiesContextTestExecutionListener@58670130, org.springframework.test.context.transaction.TransactionalTestExecutionListener@74e47444, org.springframework.test.context.jdbc.SqlScriptsTestExecutionListener@9bd0fa6, org.springframework.test.context.event.EventPublishingTestExecutionListener@59d2103b, org.springframework.boot.test.autoconfigure.restdocs.RestDocsTestExecutionListener@39dcf4b0, org.springframework.boot.test.autoconfigure.web.client.MockRestServiceServerResetTestExecutionListener@6e4de19b, org.springframework.boot.test.autoconfigure.web.servlet.MockMvcPrintOnlyOnFailureTestExecutionListener@f6c03cb, org.springframework.boot.test.autoconfigure.web.servlet.WebDriverTestExecutionListener@46f699d5, org.springframework.boot.test.autoconfigure.webservices.client.MockWebServiceServerTestExecutionListener@18518ccf, org.springframework.boot.test.mock.mockito.ResetMocksTestExecutionListener@1991f767]
14:19:27.060 [Test worker] DEBUG org.springframework.test.context.support.AbstractDirtiesContextTestExecutionListener - Before test class: context [DefaultTestContext@18f20260 testClass = GradledemoApplicationTests, testInstance = [null], testMethod = [null], testException = [null], mergedContextConfiguration = [WebMergedContextConfiguration@4ae33a11 testClass = GradledemoApplicationTests, locations = '{}', classes = '{class com.example.todo.TodoApplication}', contextInitializerClasses = '[]', activeProfiles = '{}', propertySourceLocations = '{}', propertySourceProperties = '{org.springframework.boot.test.context.SpringBootTestContextBootstrapper=true}', contextCustomizers = set[org.springframework.boot.test.autoconfigure.actuate.metrics.MetricsExportContextCustomizerFactory$DisableMetricExportContextCustomizer@7749bf93, org.springframework.boot.test.autoconfigure.properties.PropertyMappingContextCustomizer@0, org.springframework.boot.test.autoconfigure.web.servlet.WebDriverContextCustomizerFactory$Customizer@740d2e78, org.springframework.boot.test.context.filter.ExcludeFilterContextCustomizer@5a1de7fb, org.springframework.boot.test.json.DuplicateJsonObjectContextCustomizerFactory$DuplicateJsonObjectContextCustomizer@32a68f4f, org.springframework.boot.test.mock.mockito.MockitoContextCustomizer@0, org.springframework.boot.test.web.client.TestRestTemplateContextCustomizer@a87f8ec, org.springframework.boot.test.context.SpringBootTestArgs@1, org.springframework.boot.test.context.SpringBootTestWebEnvironment@776b83cc], resourceBasePath = 'src/main/webapp', contextLoader = 'org.springframework.boot.test.context.SpringBootContextLoader', parent = [null]], attributes = map['org.springframework.test.context.web.ServletTestExecutionListener.activateListener' -> true]], class annotated with @DirtiesContext [false] with mode [null].
14:19:27.105 [Test worker] DEBUG org.springframework.boot.ApplicationServletEnvironment - Activating profiles []
14:19:27.108 [Test worker] DEBUG org.springframework.test.context.support.TestPropertySourceUtils - Adding inlined properties to environment: {spring.jmx.enabled=false, org.springframework.boot.test.context.SpringBootTestContextBootstrapper=true}

  .   ____          _            __ _ _
 /\\ / ___'_ __ _ _(_)_ __  __ _ \ \ \ \
( ( )\___ | '_ | '_| | '_ \/ _` | \ \ \ \
 \\/  ___)| |_)| | | | | || (_| |  ) ) ) )
  '  |____| .__|_| |_|_| |_\__, | / / / /
 =========|_|==============|___/=/_/_/_/
 :: Spring Boot ::                (v2.6.0)

2021-12-30 14:19:27.348  INFO 10156 --- [    Test worker] c.e.todo.GradledemoApplicationTests      : Starting GradledemoApplicationTests using Java 12.0.1 on MSI with PID 10156 (started by Abhishek in D:\Documents\Spring\Spring-boot-todo-api\TodoApplication)
2021-12-30 14:19:27.348  INFO 10156 --- [    Test worker] c.e.todo.GradledemoApplicationTests      : No active profile set, falling back to default profiles: default
2021-12-30 14:19:27.903  INFO 10156 --- [    Test worker] .s.d.r.c.RepositoryConfigurationDelegate : Bootstrapping Spring Data JPA repositories in DEFAULT mode.
2021-12-30 14:19:27.943  INFO 10156 --- [    Test worker] .s.d.r.c.RepositoryConfigurationDelegate : Finished Spring Data repository scanning in 33 ms. Found 1 JPA repository interfaces.
2021-12-30 14:19:28.347  INFO 10156 --- [    Test worker] com.zaxxer.hikari.HikariDataSource       : HikariPool-1 - Starting...
2021-12-30 14:19:28.505  INFO 10156 --- [    Test worker] com.zaxxer.hikari.HikariDataSource       : HikariPool-1 - Start completed.
2021-12-30 14:19:28.569  INFO 10156 --- [    Test worker] o.hibernate.jpa.internal.util.LogHelper  : HHH000204: Processing PersistenceUnitInfo [name: default]
2021-12-30 14:19:28.627  INFO 10156 --- [    Test worker] org.hibernate.Version                    : HHH000412: Hibernate ORM core version 5.6.1.Final
2021-12-30 14:19:28.798  INFO 10156 --- [    Test worker] o.hibernate.annotations.common.Version   : HCANN000001: Hibernate Commons Annotations {5.1.2.Final}
2021-12-30 14:19:28.911  INFO 10156 --- [    Test worker] org.hibernate.dialect.Dialect            : HHH000400: Using dialect: org.hibernate.dialect.H2Dialect
2021-12-30 14:19:29.452  INFO 10156 --- [    Test worker] o.h.e.t.j.p.i.JtaPlatformInitiator       : HHH000490: Using JtaPlatform implementation: [org.hibernate.engine.transaction.jta.platform.internal.NoJtaPlatform]
2021-12-30 14:19:29.458  INFO 10156 --- [    Test worker] j.LocalContainerEntityManagerFactoryBean : Initialized JPA EntityManagerFactory for persistence unit 'default'
2021-12-30 14:19:29.904  WARN 10156 --- [    Test worker] JpaBaseConfiguration$JpaWebConfiguration : spring.jpa.open-in-view is enabled by default. Therefore, database queries may be performed during view rendering. Explicitly configure spring.jpa.open-in-view to disable this warning
2021-12-30 14:19:30.148  INFO 10156 --- [    Test worker] o.s.b.a.h2.H2ConsoleAutoConfiguration    : H2 console available at '/h2-console'. Database available at 'jdbc:h2:mem:testdb'
2021-12-30 14:19:30.436  INFO 10156 --- [    Test worker] c.e.todo.GradledemoApplicationTests      : Started GradledemoApplicationTests in 3.325 seconds (JVM running for 4.66)
]]></system-out>
  <system-err><![CDATA[]]></system-err>
</testsuite>
