<?xml version="1.0" encoding="UTF-8"?>
<testsuite name="com.example.gradledemo.GradledemoApplicationTests" tests="1" skipped="0" failures="0" errors="0" timestamp="2021-11-30T11:45:30" hostname="uk2rdd00863" time="0.052">
  <properties/>
  <testcase name="testAddTodo()" classname="com.example.gradledemo.GradledemoApplicationTests" time="0.052"/>
  <system-out><![CDATA[17:15:23.566 [Test worker] DEBUG org.springframework.test.context.BootstrapUtils - Instantiating CacheAwareContextLoaderDelegate from class [org.springframework.test.context.cache.DefaultCacheAwareContextLoaderDelegate]
17:15:23.580 [Test worker] DEBUG org.springframework.test.context.BootstrapUtils - Instantiating BootstrapContext using constructor [public org.springframework.test.context.support.DefaultBootstrapContext(java.lang.Class,org.springframework.test.context.CacheAwareContextLoaderDelegate)]
17:15:23.621 [Test worker] DEBUG org.springframework.test.context.BootstrapUtils - Instantiating TestContextBootstrapper for test class [com.example.gradledemo.GradledemoApplicationTests] from class [org.springframework.boot.test.context.SpringBootTestContextBootstrapper]
17:15:23.636 [Test worker] INFO org.springframework.boot.test.context.SpringBootTestContextBootstrapper - Neither @ContextConfiguration nor @ContextHierarchy found for test class [com.example.gradledemo.GradledemoApplicationTests], using SpringBootContextLoader
17:15:23.648 [Test worker] DEBUG org.springframework.test.context.support.AbstractContextLoader - Did not detect default resource location for test class [com.example.gradledemo.GradledemoApplicationTests]: class path resource [com/example/gradledemo/GradledemoApplicationTests-context.xml] does not exist
17:15:23.649 [Test worker] DEBUG org.springframework.test.context.support.AbstractContextLoader - Did not detect default resource location for test class [com.example.gradledemo.GradledemoApplicationTests]: class path resource [com/example/gradledemo/GradledemoApplicationTestsContext.groovy] does not exist
17:15:23.649 [Test worker] INFO org.springframework.test.context.support.AbstractContextLoader - Could not detect default resource locations for test class [com.example.gradledemo.GradledemoApplicationTests]: no resource found for suffixes {-context.xml, Context.groovy}.
17:15:23.650 [Test worker] INFO org.springframework.test.context.support.AnnotationConfigContextLoaderUtils - Could not detect default configuration classes for test class [com.example.gradledemo.GradledemoApplicationTests]: GradledemoApplicationTests does not declare any static, non-private, non-final, nested classes annotated with @Configuration.
17:15:23.764 [Test worker] DEBUG org.springframework.test.context.support.ActiveProfilesUtils - Could not find an 'annotation declaring class' for annotation type [org.springframework.test.context.ActiveProfiles] and class [com.example.gradledemo.GradledemoApplicationTests]
17:15:23.890 [Test worker] DEBUG org.springframework.context.annotation.ClassPathScanningCandidateComponentProvider - Identified candidate component class: file [/home/WORLDPAY.LOCAL/va612/Documents/gradledemo/build/classes/java/main/com/example/gradledemo/GradledemoApplication.class]
17:15:23.891 [Test worker] INFO org.springframework.boot.test.context.SpringBootTestContextBootstrapper - Found @SpringBootConfiguration com.example.gradledemo.GradledemoApplication for test class com.example.gradledemo.GradledemoApplicationTests
17:15:24.076 [Test worker] DEBUG org.springframework.boot.test.context.SpringBootTestContextBootstrapper - @TestExecutionListeners is not present for class [com.example.gradledemo.GradledemoApplicationTests]: using defaults.
17:15:24.077 [Test worker] INFO org.springframework.boot.test.context.SpringBootTestContextBootstrapper - Loaded default TestExecutionListener class names from location [META-INF/spring.factories]: [org.springframework.boot.test.autoconfigure.restdocs.RestDocsTestExecutionListener, org.springframework.boot.test.autoconfigure.web.client.MockRestServiceServerResetTestExecutionListener, org.springframework.boot.test.autoconfigure.web.servlet.MockMvcPrintOnlyOnFailureTestExecutionListener, org.springframework.boot.test.autoconfigure.web.servlet.WebDriverTestExecutionListener, org.springframework.boot.test.autoconfigure.webservices.client.MockWebServiceServerTestExecutionListener, org.springframework.boot.test.mock.mockito.MockitoTestExecutionListener, org.springframework.boot.test.mock.mockito.ResetMocksTestExecutionListener, org.springframework.test.context.web.ServletTestExecutionListener, org.springframework.test.context.support.DirtiesContextBeforeModesTestExecutionListener, org.springframework.test.context.event.ApplicationEventsTestExecutionListener, org.springframework.test.context.support.DependencyInjectionTestExecutionListener, org.springframework.test.context.support.DirtiesContextTestExecutionListener, org.springframework.test.context.transaction.TransactionalTestExecutionListener, org.springframework.test.context.jdbc.SqlScriptsTestExecutionListener, org.springframework.test.context.event.EventPublishingTestExecutionListener]
17:15:24.094 [Test worker] INFO org.springframework.boot.test.context.SpringBootTestContextBootstrapper - Using TestExecutionListeners: [org.springframework.test.context.web.ServletTestExecutionListener@77b7ffa4, org.springframework.test.context.support.DirtiesContextBeforeModesTestExecutionListener@5ed190be, org.springframework.test.context.event.ApplicationEventsTestExecutionListener@402f80f5, org.springframework.boot.test.mock.mockito.MockitoTestExecutionListener@5bbc9f97, org.springframework.boot.test.autoconfigure.SpringBootDependencyInjectionTestExecutionListener@133e019b, org.springframework.test.context.support.DirtiesContextTestExecutionListener@41382722, org.springframework.test.context.transaction.TransactionalTestExecutionListener@7dac3fd8, org.springframework.test.context.jdbc.SqlScriptsTestExecutionListener@425357dd, org.springframework.test.context.event.EventPublishingTestExecutionListener@2102a4d5, org.springframework.boot.test.autoconfigure.restdocs.RestDocsTestExecutionListener@210386e0, org.springframework.boot.test.autoconfigure.web.client.MockRestServiceServerResetTestExecutionListener@3d4d3fe7, org.springframework.boot.test.autoconfigure.web.servlet.MockMvcPrintOnlyOnFailureTestExecutionListener@65f87a2c, org.springframework.boot.test.autoconfigure.web.servlet.WebDriverTestExecutionListener@51684e4a, org.springframework.boot.test.autoconfigure.webservices.client.MockWebServiceServerTestExecutionListener@6ce1f601, org.springframework.boot.test.mock.mockito.ResetMocksTestExecutionListener@38875e7d]
17:15:24.098 [Test worker] DEBUG org.springframework.test.context.support.AbstractDirtiesContextTestExecutionListener - Before test class: context [DefaultTestContext@32f61a31 testClass = GradledemoApplicationTests, testInstance = [null], testMethod = [null], testException = [null], mergedContextConfiguration = [WebMergedContextConfiguration@f5c79a6 testClass = GradledemoApplicationTests, locations = '{}', classes = '{class com.example.gradledemo.GradledemoApplication}', contextInitializerClasses = '[]', activeProfiles = '{}', propertySourceLocations = '{}', propertySourceProperties = '{org.springframework.boot.test.context.SpringBootTestContextBootstrapper=true}', contextCustomizers = set[org.springframework.boot.test.autoconfigure.actuate.metrics.MetricsExportContextCustomizerFactory$DisableMetricExportContextCustomizer@7c541c15, org.springframework.boot.test.autoconfigure.properties.PropertyMappingContextCustomizer@0, org.springframework.boot.test.autoconfigure.web.servlet.WebDriverContextCustomizerFactory$Customizer@7516e4e5, org.springframework.boot.test.context.filter.ExcludeFilterContextCustomizer@3e7634b9, org.springframework.boot.test.json.DuplicateJsonObjectContextCustomizerFactory$DuplicateJsonObjectContextCustomizer@320de594, org.springframework.boot.test.mock.mockito.MockitoContextCustomizer@0, org.springframework.boot.test.web.client.TestRestTemplateContextCustomizer@7fc6de5b, org.springframework.boot.test.context.SpringBootTestArgs@1, org.springframework.boot.test.context.SpringBootTestWebEnvironment@1e16c0aa], resourceBasePath = 'src/main/webapp', contextLoader = 'org.springframework.boot.test.context.SpringBootContextLoader', parent = [null]], attributes = map['org.springframework.test.context.web.ServletTestExecutionListener.activateListener' -> true]], class annotated with @DirtiesContext [false] with mode [null].
17:15:24.226 [Test worker] DEBUG org.springframework.boot.ApplicationServletEnvironment - Activating profiles []
17:15:24.230 [Test worker] DEBUG org.springframework.test.context.support.TestPropertySourceUtils - Adding inlined properties to environment: {spring.jmx.enabled=false, org.springframework.boot.test.context.SpringBootTestContextBootstrapper=true}

  .   ____          _            __ _ _
 /\\ / ___'_ __ _ _(_)_ __  __ _ \ \ \ \
( ( )\___ | '_ | '_| | '_ \/ _` | \ \ \ \
 \\/  ___)| |_)| | | | | || (_| |  ) ) ) )
  '  |____| .__|_| |_|_| |_\__, | / / / /
 =========|_|==============|___/=/_/_/_/
 :: Spring Boot ::                (v2.6.0)

2021-11-30 17:15:24.617  INFO 23119 --- [    Test worker] c.e.g.GradledemoApplicationTests         : Starting GradledemoApplicationTests using Java 11.0.11 on uk2rdd00863 with PID 23119 (started by va612 in /home/WORLDPAY.LOCAL/va612/Documents/gradledemo)
2021-11-30 17:15:24.618  INFO 23119 --- [    Test worker] c.e.g.GradledemoApplicationTests         : No active profile set, falling back to default profiles: default
2021-11-30 17:15:26.089  INFO 23119 --- [    Test worker] .s.d.r.c.RepositoryConfigurationDelegate : Bootstrapping Spring Data JPA repositories in DEFAULT mode.
2021-11-30 17:15:26.192  INFO 23119 --- [    Test worker] .s.d.r.c.RepositoryConfigurationDelegate : Finished Spring Data repository scanning in 94 ms. Found 1 JPA repository interfaces.
2021-11-30 17:15:27.027  INFO 23119 --- [    Test worker] com.zaxxer.hikari.HikariDataSource       : HikariPool-1 - Starting...
2021-11-30 17:15:27.227  INFO 23119 --- [    Test worker] com.zaxxer.hikari.HikariDataSource       : HikariPool-1 - Start completed.
2021-11-30 17:15:27.384  INFO 23119 --- [    Test worker] o.hibernate.jpa.internal.util.LogHelper  : HHH000204: Processing PersistenceUnitInfo [name: default]
2021-11-30 17:15:27.460  INFO 23119 --- [    Test worker] org.hibernate.Version                    : HHH000412: Hibernate ORM core version 5.6.1.Final
2021-11-30 17:15:27.701  INFO 23119 --- [    Test worker] o.hibernate.annotations.common.Version   : HCANN000001: Hibernate Commons Annotations {5.1.2.Final}
2021-11-30 17:15:27.889  INFO 23119 --- [    Test worker] org.hibernate.dialect.Dialect            : HHH000400: Using dialect: org.hibernate.dialect.H2Dialect
2021-11-30 17:15:28.594  INFO 23119 --- [    Test worker] o.h.e.t.j.p.i.JtaPlatformInitiator       : HHH000490: Using JtaPlatform implementation: [org.hibernate.engine.transaction.jta.platform.internal.NoJtaPlatform]
2021-11-30 17:15:28.603  INFO 23119 --- [    Test worker] j.LocalContainerEntityManagerFactoryBean : Initialized JPA EntityManagerFactory for persistence unit 'default'
2021-11-30 17:15:29.357  WARN 23119 --- [    Test worker] JpaBaseConfiguration$JpaWebConfiguration : spring.jpa.open-in-view is enabled by default. Therefore, database queries may be performed during view rendering. Explicitly configure spring.jpa.open-in-view to disable this warning
2021-11-30 17:15:29.676  INFO 23119 --- [    Test worker] o.s.b.a.h2.H2ConsoleAutoConfiguration    : H2 console available at '/h2-console'. Database available at 'jdbc:h2:mem:testdb'
2021-11-30 17:15:30.244  INFO 23119 --- [    Test worker] c.e.g.GradledemoApplicationTests         : Started GradledemoApplicationTests in 6.012 seconds (JVM running for 7.986)
]]></system-out>
  <system-err><![CDATA[]]></system-err>
</testsuite>
